patient-app/app/build/intermediates/manifest_merge_blame_file/debug/processDebugMainManifest/manifest-merger-blame-debug-report.txt
1<?xml version="1.0" encoding="utf-8"?>
2<manifest xmlns:android="http://schemas.android.com/apk/res/android"
3    package="io.alphaion.neurovibe"
4    android:versionCode="1"
5    android:versionName="0.1.0" >
6
7    <uses-sdk
8        android:minSdkVersion="26"
9        android:targetSdkVersion="35" />
10
11    <uses-permission android:name="android.permission.INTERNET" />
11-->src\main\AndroidManifest.xml:3:5-67
11-->src\main\AndroidManifest.xml:3:22-64
12    <uses-permission android:name="android.permission.ACCESS_NETWORK_STATE" />
12-->src\main\AndroidManifest.xml:4:5-79
12-->src\main\AndroidManifest.xml:4:22-76
13    <uses-permission android:name="android.permission.VIBRATE" />
13-->src\main\AndroidManifest.xml:5:5-66
13-->src\main\AndroidManifest.xml:5:22-63
14    <uses-permission android:name="android.permission.POST_NOTIFICATIONS" />
14-->src\main\AndroidManifest.xml:6:5-77
14-->src\main\AndroidManifest.xml:6:22-74
15    <uses-permission
15-->src\main\AndroidManifest.xml:7:5-95
16        android:name="android.permission.BLUETOOTH"
16-->src\main\AndroidManifest.xml:7:22-65
17        android:maxSdkVersion="30" />
17-->src\main\AndroidManifest.xml:7:66-92
18    <uses-permission
18-->src\main\AndroidManifest.xml:8:5-101
19        android:name="android.permission.BLUETOOTH_ADMIN"
19-->src\main\AndroidManifest.xml:8:22-71
20        android:maxSdkVersion="30" />
20-->src\main\AndroidManifest.xml:8:72-98
21    <uses-permission
21-->src\main\AndroidManifest.xml:9:5-106
22        android:name="android.permission.ACCESS_FINE_LOCATION"
22-->src\main\AndroidManifest.xml:9:22-76
23        android:maxSdkVersion="30" />
23-->src\main\AndroidManifest.xml:9:77-103
24    <uses-permission
24-->src\main\AndroidManifest.xml:10:5-120
25        android:name="android.permission.BLUETOOTH_SCAN"
25-->src\main\AndroidManifest.xml:10:22-70
26        android:usesPermissionFlags="neverForLocation" />
26-->src\main\AndroidManifest.xml:10:71-117
27    <uses-permission android:name="android.permission.BLUETOOTH_CONNECT" />
27-->src\main\AndroidManifest.xml:11:5-76
27-->src\main\AndroidManifest.xml:11:22-73
28
29    <uses-feature
29-->src\main\AndroidManifest.xml:12:5-90
30        android:name="android.hardware.bluetooth_le"
30-->src\main\AndroidManifest.xml:12:19-63
31        android:required="true" />
31-->src\main\AndroidManifest.xml:12:64-87
32
33    <application
33-->src\main\AndroidManifest.xml:14:5-38:19
34        android:allowBackup="false"
34-->src\main\AndroidManifest.xml:15:9-36
35        android:debuggable="true"
36        android:extractNativeLibs="false"
37        android:icon="@drawable/ic_neurovibe"
37-->src\main\AndroidManifest.xml:16:9-46
38        android:label="NeuroVibe"
38-->src\main\AndroidManifest.xml:17:9-34
39        android:roundIcon="@drawable/ic_neurovibe"
39-->src\main\AndroidManifest.xml:18:9-51
40        android:supportsRtl="true"
40-->src\main\AndroidManifest.xml:19:9-35
41        android:theme="@style/AppTheme"
41-->src\main\AndroidManifest.xml:20:9-40
42        android:usesCleartextTraffic="false" >
42-->src\main\AndroidManifest.xml:21:9-45
43        <activity
43-->src\main\AndroidManifest.xml:22:9-37:20
44            android:name="io.alphaion.neurovibe.MainActivity"
44-->src\main\AndroidManifest.xml:23:13-41
45            android:exported="true"
45-->src\main\AndroidManifest.xml:24:13-36
46            android:launchMode="singleTop"
46-->src\main\AndroidManifest.xml:25:13-43
47            android:screenOrientation="portrait" >
47-->src\main\AndroidManifest.xml:26:13-49
48            <intent-filter>
48-->src\main\AndroidManifest.xml:27:13-30:29
49                <action android:name="android.intent.action.MAIN" />
49-->src\main\AndroidManifest.xml:28:17-69
49-->src\main\AndroidManifest.xml:28:25-66
50
51                <category android:name="android.intent.category.LAUNCHER" />
51-->src\main\AndroidManifest.xml:29:17-77
51-->src\main\AndroidManifest.xml:29:27-74
52            </intent-filter>
53            <intent-filter>
53-->src\main\AndroidManifest.xml:31:13-36:29
54                <action android:name="android.intent.action.VIEW" />
54-->src\main\AndroidManifest.xml:32:17-69
54-->src\main\AndroidManifest.xml:32:25-66
55
56                <category android:name="android.intent.category.DEFAULT" />
56-->src\main\AndroidManifest.xml:33:17-76
56-->src\main\AndroidManifest.xml:33:27-73
57                <category android:name="android.intent.category.BROWSABLE" />
57-->src\main\AndroidManifest.xml:34:17-78
57-->src\main\AndroidManifest.xml:34:27-75
58
59                <data
59-->src\main\AndroidManifest.xml:35:17-103
60                    android:host="auth"
60-->src\main\AndroidManifest.xml:35:50-69
61                    android:pathPrefix="/callback"
61-->src\main\AndroidManifest.xml:35:70-100
62                    android:scheme="neurovibe" />
62-->src\main\AndroidManifest.xml:35:23-49
63            </intent-filter>
64        </activity>
65    </application>
66
67</manifest>